OCR_APP/app/build/intermediates/manifest_merge_blame_file/debug/manifest-merger-blame-debug-report.txt
1<?xml version="1.0" encoding="utf-8"?>
2<manifest xmlns:android="http://schemas.android.com/apk/res/android"
3    package="com.e.reminder"
4    android:versionCode="1"
5    android:versionName="1.0" >
6
7    <uses-sdk
8        android:minSdkVersion="16"
8-->src\main\AndroidManifest.xml
9        android:targetSdkVersion="29" />
9-->src\main\AndroidManifest.xml
10
11    <uses-permission android:name="android.permission.INTERNET" />
11-->src\main\AndroidManifest.xml:5:5-67
11-->src\main\AndroidManifest.xml:5:22-64
12    <uses-permission android:name="com.android.alarm.permission.SET_ALARM" />
12-->src\main\AndroidManifest.xml:6:5-78
12-->src\main\AndroidManifest.xml:6:22-75
13    <uses-permission android:name="android.permission.CAMERA" />
13-->src\main\AndroidManifest.xml:7:5-64
13-->src\main\AndroidManifest.xml:7:22-62
14    <uses-permission android:name="android.permission.WRITE_EXTERNAL_STORAGE" />
14-->src\main\AndroidManifest.xml:8:5-80
14-->src\main\AndroidManifest.xml:8:22-78
15    <uses-permission android:name="android.permission.ACCESS_NETWORK_STATE" />
15-->[com.amazonaws:aws-android-sdk-mobile-client:2.9.2] AndroidManifest.xml:7:5-78
15-->[com.amazonaws:aws-android-sdk-mobile-client:2.9.2] AndroidManifest.xml:7:22-76
16    <uses-permission android:name="android.permission.READ_PHONE_STATE" />
17    <uses-permission android:name="android.permission.READ_EXTERNAL_STORAGE" />
18
19    <application
19-->src\main\AndroidManifest.xml:10:5-35:19
20        android:name="androidx.multidex.MultiDexApplication"
21        android:allowBackup="true"
21-->src\main\AndroidManifest.xml:11:9-35
22        android:appComponentFactory="androidx.core.app.CoreComponentFactory"
22-->[androidx.core:core:1.2.0] AndroidManifest.xml:24:18-86
23        android:debuggable="true"
24        android:icon="@mipmap/ic_launcher"
24-->src\main\AndroidManifest.xml:12:9-43
25        android:label="@string/app_name"
25-->src\main\AndroidManifest.xml:13:9-41
26        android:roundIcon="@mipmap/ic_launcher_round"
26-->src\main\AndroidManifest.xml:14:9-54
27        android:supportsRtl="true"
27-->src\main\AndroidManifest.xml:15:9-35
28        android:testOnly="true"
29        android:theme="@style/AppTheme" >
29-->src\main\AndroidManifest.xml:16:9-40
30        <activity android:name="com.e.reminder.Signup" />
30-->src\main\AndroidManifest.xml:17:9-53
30-->src\main\AndroidManifest.xml:17:19-41
31        <activity android:name="com.e.reminder.ProductDetails" />
31-->src\main\AndroidManifest.xml:18:9-61
31-->src\main\AndroidManifest.xml:18:19-49
32        <activity android:name="com.e.reminder.UpdateProduct" />
32-->src\main\AndroidManifest.xml:19:9-60
32-->src\main\AndroidManifest.xml:19:19-48
33        <activity android:name="com.e.reminder.AddProduct" />
33-->src\main\AndroidManifest.xml:20:9-48
33-->src\main\AndroidManifest.xml:20:19-45
34        <activity android:name="com.e.reminder.MainActivity" >
34-->src\main\AndroidManifest.xml:21:9-27:20
34-->src\main\AndroidManifest.xml:21:19-47
35            <intent-filter>
35-->src\main\AndroidManifest.xml:22:13-26:29
36                <action android:name="android.intent.action.MAIN" />
36-->src\main\AndroidManifest.xml:23:17-69
36-->src\main\AndroidManifest.xml:23:25-66
37
38                <category android:name="android.intent.category.LAUNCHER" />
38-->src\main\AndroidManifest.xml:25:17-77
38-->src\main\AndroidManifest.xml:25:27-74
39            </intent-filter>
40        </activity>
41        <activity android:name="com.e.reminder.NotificationActivity" />
41-->src\main\AndroidManifest.xml:28:9-58
41-->src\main\AndroidManifest.xml:28:19-55
42
43        <receiver android:name="com.e.reminder.AlarmReceiver" />
43-->src\main\AndroidManifest.xml:30:9-51
43-->src\main\AndroidManifest.xml:30:19-48
44
45        <activity android:name="com.e.reminder.ListActivity" />
45-->src\main\AndroidManifest.xml:32:9-50
45-->src\main\AndroidManifest.xml:32:19-47
46        <activity
46-->src\main\AndroidManifest.xml:33:9-34:58
47            android:name="com.theartofdev.edmodo.cropper.CropImageActivity"
47-->src\main\AndroidManifest.xml:33:19-82
48            android:theme="@style/Base.Theme.AppCompat" /> <!-- optional (needed if default theme has no action bar) -->
48-->src\main\AndroidManifest.xml:34:13-56
49        <activity
49-->[com.google.android.gms:play-services-base:17.0.0] AndroidManifest.xml:23:9-26:75
50            android:name="com.google.android.gms.common.api.GoogleApiActivity"
50-->[com.google.android.gms:play-services-base:17.0.0] AndroidManifest.xml:24:13-79
51            android:exported="false"
51-->[com.google.android.gms:play-services-base:17.0.0] AndroidManifest.xml:25:13-37
52            android:theme="@android:style/Theme.Translucent.NoTitleBar" />
52-->[com.google.android.gms:play-services-base:17.0.0] AndroidManifest.xml:26:13-72
53
54        <meta-data
54-->[com.google.android.gms:play-services-basement:17.0.0] AndroidManifest.xml:23:9-25:69
55            android:name="com.google.android.gms.version"
55-->[com.google.android.gms:play-services-basement:17.0.0] AndroidManifest.xml:24:13-58
56            android:value="@integer/google_play_services_version" />
56-->[com.google.android.gms:play-services-basement:17.0.0] AndroidManifest.xml:25:13-66
57    </application>
58
59</manifest>